<?xml version="1.0" encoding="UTF-8"?>
<testng-results ignored="0" total="1" passed="1" failed="0" skipped="0">
  <reporter-output>
  </reporter-output>
  <suite started-at="2023-11-19T13:15:23 EET" name="Default suite" finished-at="2023-11-19T13:15:54 EET" duration-ms="30419">
    <groups>
    </groups>
    <test started-at="2023-11-19T13:15:23 EET" name="Default test" finished-at="2023-11-19T13:15:54 EET" duration-ms="30419">
      <class name="Tests.addToCartTest">
        <test-method is-config="true" signature="setUp()[pri:0, instance:Tests.addToCartTest@2a798d51]" started-at="2023-11-19T13:15:23 EET" name="setUp" finished-at="2023-11-19T13:15:29 EET" duration-ms="5226" status="PASS">
          <reporter-output>
          </reporter-output>
        </test-method> <!-- setUp -->
        <test-method signature="AddItemsToCart()[pri:0, instance:Tests.addToCartTest@2a798d51]" started-at="2023-11-19T13:15:29 EET" name="AddItemsToCart" finished-at="2023-11-19T13:15:54 EET" duration-ms="25169" status="PASS">
          <reporter-output>
          </reporter-output>
        </test-method> <!-- AddItemsToCart -->
      </class> <!-- Tests.addToCartTest -->
    </test> <!-- Default test -->
  </suite> <!-- Default suite -->
</testng-results>
